<?xml version="1.0" encoding="UTF-8" standalone="yes"?><!DOCTYPE report PUBLIC "-//JACOCO//DTD Report 1.1//EN" "report.dtd"><report name="qa_java"><sessioninfo id="Dens-PC-8799eb96" start="1635266989245" dump="1635266990180"/><sessioninfo id="Dens-PC-c92c0538" start="1635331896875" dump="1635331897815"/><sessioninfo id="Dens-PC-eb40893c" start="1635348375360" dump="1635348376270"/><sessioninfo id="Dens-PC-1cf7124b" start="1635413061119" dump="1635413062165"/><sessioninfo id="Dens-PC-7694d9d5" start="1635414555500" dump="1635414556571"/><sessioninfo id="Dens-PC-e08eb103" start="1635416900611" dump="1635416901471"/><sessioninfo id="Dens-PC-86495b98" start="1635417917006" dump="1635417917231"/><sessioninfo id="Dens-PC-df13ce06" start="1635417953841" dump="1635417954051"/><sessioninfo id="Dens-PC-90eca625" start="1635429751325" dump="1635429751547"/><sessioninfo id="Dens-PC-e94c4ba5" start="1635429924603" dump="1635429924830"/><sessioninfo id="Dens-PC-a64aee2e" start="1635429987166" dump="1635429987391"/><sessioninfo id="Dens-PC-cac3f77a" start="1635430016051" dump="1635430016280"/><sessioninfo id="Dens-PC-ad7750ff" start="1635430043479" dump="1635430043711"/><sessioninfo id="Dens-PC-3cdf3115" start="1635430161567" dump="1635430161796"/><sessioninfo id="Dens-PC-542f8f5b" start="1635430440250" dump="1635430440456"/><sessioninfo id="Dens-PC-b642cb39" start="1635581628953" dump="1635581629842"/><sessioninfo id="Dens-PC-7e27c471" start="1635581752209" dump="1635581753064"/><sessioninfo id="Dens-PC-3754daa4" start="1635609347730" dump="1635609348626"/><package name="com/example"><class name="com/example/Feline" sourcefilename="Feline.java"><method name="&lt;init&gt;" desc="()V" line="4"><counter type="INSTRUCTION" missed="0" covered="3"/><counter type="LINE" missed="0" covered="1"/><counter type="COMPLEXITY" missed="0" covered="1"/><counter type="METHOD" missed="0" covered="1"/></method><method name="eatMeat" desc="()Ljava/util/List;" line="8"><counter type="INSTRUCTION" missed="0" covered="4"/><counter type="LINE" missed="0" covered="1"/><counter type="COMPLEXITY" missed="0" covered="1"/><counter type="METHOD" missed="0" covered="1"/></method><method name="getFamily" desc="()Ljava/lang/String;" line="12"><counter type="INSTRUCTION" missed="0" covered="2"/><counter type="LINE" missed="0" covered="1"/><counter type="COMPLEXITY" missed="0" covered="1"/><counter type="METHOD" missed="0" covered="1"/></method><method name="getKittens" desc="()I" line="16"><counter type="INSTRUCTION" missed="0" covered="4"/><counter type="LINE" missed="0" covered="1"/><counter type="COMPLEXITY" missed="0" covered="1"/><counter type="METHOD" missed="0" covered="1"/></method><method name="getKittens" desc="(I)I" line="19"><counter type="INSTRUCTION" missed="0" covered="2"/><counter type="LINE" missed="0" covered="1"/><counter type="COMPLEXITY" missed="0" covered="1"/><counter type="METHOD" missed="0" covered="1"/></method><counter type="INSTRUCTION" missed="0" covered="15"/><counter type="LINE" missed="0" covered="5"/><counter type="COMPLEXITY" missed="0" covered="5"/><counter type="METHOD" missed="0" covered="5"/><counter type="CLASS" missed="0" covered="1"/></class><class name="com/example/Animal" sourcefilename="Animal.java"><method name="&lt;init&gt;" desc="()V" line="4"><counter type="INSTRUCTION" missed="0" covered="3"/><counter type="LINE" missed="0" covered="1"/><counter type="COMPLEXITY" missed="0" covered="1"/><counter type="METHOD" missed="0" covered="1"/></method><method name="getFood" desc="(Ljava/lang/String;)Ljava/util/List;" line="7"><counter type="INSTRUCTION" missed="9" covered="13"/><counter type="BRANCH" missed="2" covered="2"/><counter type="LINE" missed="2" covered="3"/><counter type="COMPLEXITY" missed="2" covered="1"/><counter type="METHOD" missed="0" covered="1"/></method><method name="getFamily" desc="()Ljava/lang/String;" line="17"><counter type="INSTRUCTION" missed="2" covered="0"/><counter type="LINE" missed="1" covered="0"/><counter type="COMPLEXITY" missed="1" covered="0"/><counter type="METHOD" missed="1" covered="0"/></method><counter type="INSTRUCTION" missed="11" covered="16"/><counter type="BRANCH" missed="2" covered="2"/><counter type="LINE" missed="3" covered="4"/><counter type="COMPLEXITY" missed="3" covered="2"/><counter type="METHOD" missed="1" covered="2"/><counter type="CLASS" missed="0" covered="1"/></class><class name="com/example/Lion" sourcefilename="Lion.java"><method name="&lt;init&gt;" desc="(Ljava/lang/String;Lcom/example/Feline;)V" line="9"><counter type="INSTRUCTION" missed="4" covered="23"/><counter type="BRANCH" missed="1" covered="3"/><counter type="LINE" missed="1" covered="7"/><counter type="COMPLEXITY" missed="1" covered="2"/><counter type="METHOD" missed="0" covered="1"/></method><method name="getKittens" desc="()I" line="21"><counter type="INSTRUCTION" missed="0" covered="4"/><counter type="LINE" missed="0" covered="1"/><counter type="COMPLEXITY" missed="0" covered="1"/><counter type="METHOD" missed="0" covered="1"/></method><method name="doesHaveMane" desc="()Z" line="25"><counter type="INSTRUCTION" missed="3" covered="0"/><counter type="LINE" missed="1" covered="0"/><counter type="COMPLEXITY" missed="1" covered="0"/><counter type="METHOD" missed="1" covered="0"/></method><method name="getFood" desc="()Ljava/util/List;" line="29"><counter type="INSTRUCTION" missed="0" covered="5"/><counter type="LINE" missed="0" covered="1"/><counter type="COMPLEXITY" missed="0" covered="1"/><counter type="METHOD" missed="0" covered="1"/></method><counter type="INSTRUCTION" missed="7" covered="32"/><counter type="BRANCH" missed="1" covered="3"/><counter type="LINE" missed="2" covered="9"/><counter type="COMPLEXITY" missed="2" covered="4"/><counter type="METHOD" missed="1" covered="3"/><counter type="CLASS" missed="0" covered="1"/></class><class name="com/example/Predator" sourcefilename="Predator.java"/><class name="com/example/Cat" sourcefilename="Cat.java"><method name="&lt;init&gt;" desc="(Lcom/example/Feline;)V" line="8"><counter type="INSTRUCTION" missed="0" covered="6"/><counter type="LINE" missed="0" covered="3"/><counter type="COMPLEXITY" missed="0" covered="1"/><counter type="METHOD" missed="0" covered="1"/></method><method name="getSound" desc="()Ljava/lang/String;" line="13"><counter type="INSTRUCTION" missed="0" covered="2"/><counter type="LINE" missed="0" covered="1"/><counter type="COMPLEXITY" missed="0" covered="1"/><counter type="METHOD" missed="0" covered="1"/></method><method name="getFood" desc="()Ljava/util/List;" line="17"><counter type="INSTRUCTION" missed="0" covered="4"/><counter type="LINE" missed="0" covered="1"/><counter type="COMPLEXITY" missed="0" covered="1"/><counter type="METHOD" missed="0" covered="1"/></method><counter type="INSTRUCTION" missed="0" covered="12"/><counter type="LINE" missed="0" covered="5"/><counter type="COMPLEXITY" missed="0" covered="3"/><counter type="METHOD" missed="0" covered="3"/><counter type="CLASS" missed="0" covered="1"/></class><sourcefile name="Lion.java"><line nr="9" mi="0" ci="2" mb="0" cb="0"/><line nr="10" mi="0" ci="3" mb="0" cb="0"/><line nr="11" mi="0" ci="4" mb="1" cb="1"/><line nr="12" mi="4" ci="0" mb="0" cb="0"/><line nr="13" mi="0" ci="4" mb="0" cb="2"/><line nr="14" mi="0" ci="4" mb="0" cb="0"/><line nr="16" mi="0" ci="5" mb="0" cb="0"/><line nr="18" mi="0" ci="1" mb="0" cb="0"/><line nr="21" mi="0" ci="4" mb="0" cb="0"/><line nr="25" mi="3" ci="0" mb="0" cb="0"/><line nr="29" mi="0" ci="5" mb="0" cb="0"/><counter type="INSTRUCTION" missed="7" covered="32"/><counter type="BRANCH" missed="1" covered="3"/><counter type="LINE" missed="2" covered="9"/><counter type="COMPLEXITY" missed="2" covered="4"/><counter type="METHOD" missed="1" covered="3"/><counter type="CLASS" missed="0" covered="1"/></sourcefile><sourcefile name="Predator.java"/><sourcefile name="Animal.java"><line nr="4" mi="0" ci="3" mb="0" cb="0"/><line nr="7" mi="0" ci="4" mb="1" cb="1"/><line nr="8" mi="4" ci="0" mb="0" cb="0"/><line nr="9" mi="0" ci="4" mb="1" cb="1"/><line nr="10" mi="0" ci="5" mb="0" cb="0"/><line nr="12" mi="5" ci="0" mb="0" cb="0"/><line nr="17" mi="2" ci="0" mb="0" cb="0"/><counter type="INSTRUCTION" missed="11" covered="16"/><counter type="BRANCH" missed="2" covered="2"/><counter type="LINE" missed="3" covered="4"/><counter type="COMPLEXITY" missed="3" covered="2"/><counter type="METHOD" missed="1" covered="2"/><counter type="CLASS" missed="0" covered="1"/></sourcefile><sourcefile name="Feline.java"><line nr="4" mi="0" ci="3" mb="0" cb="0"/><line nr="8" mi="0" ci="4" mb="0" cb="0"/><line nr="12" mi="0" ci="2" mb="0" cb="0"/><line nr="16" mi="0" ci="4" mb="0" cb="0"/><line nr="19" mi="0" ci="2" mb="0" cb="0"/><counter type="INSTRUCTION" missed="0" covered="15"/><counter type="LINE" missed="0" covered="5"/><counter type="COMPLEXITY" missed="0" covered="5"/><counter type="METHOD" missed="0" covered="5"/><counter type="CLASS" missed="0" covered="1"/></sourcefile><sourcefile name="Cat.java"><line nr="8" mi="0" ci="2" mb="0" cb="0"/><line nr="9" mi="0" ci="3" mb="0" cb="0"/><line nr="10" mi="0" ci="1" mb="0" cb="0"/><line nr="13" mi="0" ci="2" mb="0" cb="0"/><line nr="17" mi="0" ci="4" mb="0" cb="0"/><counter type="INSTRUCTION" missed="0" covered="12"/><counter type="LINE" missed="0" covered="5"/><counter type="COMPLEXITY" missed="0" covered="3"/><counter type="METHOD" missed="0" covered="3"/><counter type="CLASS" missed="0" covered="1"/></sourcefile><counter type="INSTRUCTION" missed="18" covered="75"/><counter type="BRANCH" missed="3" covered="5"/><counter type="LINE" missed="5" covered="23"/><counter type="COMPLEXITY" missed="5" covered="14"/><counter type="METHOD" missed="2" covered="13"/><counter type="CLASS" missed="0" covered="4"/></package><counter type="INSTRUCTION" missed="18" covered="75"/><counter type="BRANCH" missed="3" covered="5"/><counter type="LINE" missed="5" covered="23"/><counter type="COMPLEXITY" missed="5" covered="14"/><counter type="METHOD" missed="2" covered="13"/><counter type="CLASS" missed="0" covered="4"/></report>